d:\sem2 2016 spring\game graphics programming\project\directxengine_04_16\directxengine\directx11_starter\debug\vc140.pdb
d:\sem2 2016 spring\game graphics programming\project\directxengine_04_16\directxengine\directx11_starter\debug\vc140.idb
d:\sem2 2016 spring\game graphics programming\project\directxengine_04_16\directxengine\directx11_starter\debug\imgui.obj
d:\sem2 2016 spring\game graphics programming\project\directxengine_04_16\directxengine\directx11_starter\debug\imgui_demo.obj
d:\sem2 2016 spring\game graphics programming\project\directxengine_04_16\directxengine\directx11_starter\debug\imgui_draw.obj
d:\sem2 2016 spring\game graphics programming\project\directxengine_04_16\directxengine\directx11_starter\debug\camera.obj
d:\sem2 2016 spring\game graphics programming\project\directxengine_04_16\directxengine\directx11_starter\debug\gameobject.obj
d:\sem2 2016 spring\game graphics programming\project\directxengine_04_16\directxengine\directx11_starter\debug\imgui_impl_dx11.obj
d:\sem2 2016 spring\game graphics programming\project\directxengine_04_16\directxengine\directx11_starter\debug\inputmanager.obj
d:\sem2 2016 spring\game graphics programming\project\directxengine_04_16\directxengine\directx11_starter\debug\material.obj
d:\sem2 2016 spring\game graphics programming\project\directxengine_04_16\directxengine\directx11_starter\debug\mesh.obj
d:\sem2 2016 spring\game graphics programming\project\directxengine_04_16\directxengine\directx11_starter\debug\mydemogame.obj
d:\sem2 2016 spring\game graphics programming\project\directxengine_04_16\directxengine\directx11_starter\debug\dxerr.obj
d:\sem2 2016 spring\game graphics programming\project\directxengine_04_16\directxengine\directx11_starter\debug\directxgamecore.obj
d:\sem2 2016 spring\game graphics programming\project\directxengine_04_16\directxengine\directx11_starter\debug\simpleshader.obj
d:\sem2 2016 spring\game graphics programming\project\directxengine_04_16\directxengine\directx11_starter\debug\skybox.obj
d:\sem2 2016 spring\game graphics programming\project\directxengine_04_16\directxengine\debug\normalmapping.cso
d:\sem2 2016 spring\game graphics programming\project\directxengine_04_16\directxengine\debug\parallaxmapping.cso
d:\sem2 2016 spring\game graphics programming\project\directxengine_04_16\directxengine\debug\parallaxvertexshader.cso
d:\sem2 2016 spring\game graphics programming\project\directxengine_04_16\directxengine\debug\pixelshader.cso
d:\sem2 2016 spring\game graphics programming\project\directxengine_04_16\directxengine\debug\vertexshader.cso
d:\sem2 2016 spring\game graphics programming\project\directxengine_04_16\directxengine\debug\skyps.cso
d:\sem2 2016 spring\game graphics programming\project\directxengine_04_16\directxengine\debug\skyvs.cso
d:\sem2 2016 spring\game graphics programming\project\directxengine_04_16\directxengine\debug\directx11_starter.ilk
d:\sem2 2016 spring\game graphics programming\project\directxengine_04_16\directxengine\debug\directx11_starter.exe
d:\sem2 2016 spring\game graphics programming\project\directxengine_04_16\directxengine\debug\directx11_starter.pdb
d:\sem2 2016 spring\game graphics programming\project\directxengine_04_16\directxengine\directx11_starter\debug\directx11_starter.vcxprojresolveassemblyreference.cache
d:\sem2 2016 spring\game graphics programming\project\directxengine_04_16\directxengine\directx11_starter\debug\directx1.feb50fc0.tlog\cl.command.1.tlog
d:\sem2 2016 spring\game graphics programming\project\directxengine_04_16\directxengine\directx11_starter\debug\directx1.feb50fc0.tlog\cl.read.1.tlog
d:\sem2 2016 spring\game graphics programming\project\directxengine_04_16\directxengine\directx11_starter\debug\directx1.feb50fc0.tlog\cl.write.1.tlog
d:\sem2 2016 spring\game graphics programming\project\directxengine_04_16\directxengine\directx11_starter\debug\directx1.feb50fc0.tlog\directx11_starter.write.1u.tlog
d:\sem2 2016 spring\game graphics programming\project\directxengine_04_16\directxengine\directx11_starter\debug\directx1.feb50fc0.tlog\fxc.command.1.tlog
d:\sem2 2016 spring\game graphics programming\project\directxengine_04_16\directxengine\directx11_starter\debug\directx1.feb50fc0.tlog\fxc.read.1.tlog
d:\sem2 2016 spring\game graphics programming\project\directxengine_04_16\directxengine\directx11_starter\debug\directx1.feb50fc0.tlog\fxc.write.1.tlog
d:\sem2 2016 spring\game graphics programming\project\directxengine_04_16\directxengine\directx11_starter\debug\directx1.feb50fc0.tlog\link.command.1.tlog
d:\sem2 2016 spring\game graphics programming\project\directxengine_04_16\directxengine\directx11_starter\debug\directx1.feb50fc0.tlog\link.read.1.tlog
d:\sem2 2016 spring\game graphics programming\project\directxengine_04_16\directxengine\directx11_starter\debug\directx1.feb50fc0.tlog\link.write.1.tlog
