Build started 3/1/2016 1:24:19 PM.
     1>Project "D:\DxEngine\DirectX11_Starter\DirectX11_Starter.vcxproj" on node 2 (Build target(s)).
     1>ClCompile:
         C:\Program Files (x86)\Microsoft Visual Studio 14.0\VC\bin\CL.exe /c /ID:\DxEngine\packages\directxtk_desktop_2015.2016.2.23.1\build\native\../../build/native/include/ /ZI /nologo /W3 /WX- /sdl /Od /Oy- /D HAS_DIRECTXTK /D _UNICODE /D UNICODE /Gm /EHsc /RTC1 /MDd /GS /fp:precise /Zc:wchar_t /Zc:forScope /Zc:inline /Fo"Debug\\" /Fd"Debug\vc140.pdb" /Gd /TP /analyze- /errorReport:prompt MyDemoGame.cpp
         MyDemoGame.cpp
     1>d:\dxengine\directx11_starter\mydemogame.cpp(26): warning C4067: unexpected tokens following preprocessor directive - expected a newline
       Link:
         C:\Program Files (x86)\Microsoft Visual Studio 14.0\VC\bin\link.exe /ERRORREPORT:PROMPT /OUT:"D:\DxEngine\Debug\DirectX11_Starter.exe" /INCREMENTAL /NOLOGO D:\DxEngine\packages\directxtk_desktop_2015.2016.2.23.1\build\native\../../build/native/lib/Win32/Debug/DirectXTKAudioDX.lib D:\DxEngine\packages\directxtk_desktop_2015.2016.2.23.1\build\native\../../build/native/lib/Win32/Debug/DirectXTK.lib d3d11.lib d3dcompiler.lib kernel32.lib user32.lib gdi32.lib winspool.lib comdlg32.lib advapi32.lib shell32.lib ole32.lib oleaut32.lib uuid.lib odbc32.lib odbccp32.lib /MANIFEST /MANIFESTUAC:"level='asInvoker' uiAccess='false'" /manifest:embed /Debug /PDB:"D:\DxEngine\Debug\DirectX11_Starter.pdb" /TLBID:1 /DYNAMICBASE /NXCOMPAT /IMPLIB:"D:\DxEngine\Debug\DirectX11_Starter.lib" /MACHINE:X86 Debug\Camera.obj
         Debug\GameObject.obj
         Debug\InputManager.obj
         Debug\Material.obj
         Debug\Mesh.obj
         Debug\MyDemoGame.obj
         Debug\dxerr.obj
         Debug\DirectXGameCore.obj
         Debug\SimpleShader.obj
         DirectX11_Starter.vcxproj -> D:\DxEngine\Debug\DirectX11_Starter.exe
     1>Done Building Project "D:\DxEngine\DirectX11_Starter\DirectX11_Starter.vcxproj" (Build target(s)).

Build succeeded.

Time Elapsed 00:00:01.93
